This is pdfTeX, Version 3.14159265-2.6-1.40.20 (TeX Live 2019/Debian) (preloaded format=pdflatex 2020.1.18)  18 JAN 2020 16:38
entering extended mode
 restricted \write18 enabled.
 file:line:error style messages enabled.
 %&-line parsing enabled.
**main.tex
(./main.tex
LaTeX2e <2018-12-01>
(/usr/share/texlive/texmf-dist/tex/latex/base/article.cls
Document Class: article 2018/09/03 v1.4i Standard LaTeX document class
(/usr/share/texlive/texmf-dist/tex/latex/base/size10.clo
File: size10.clo 2018/09/03 v1.4i Standard LaTeX file (size option)
)
\c@part=\count80
\c@section=\count81
\c@subsection=\count82
\c@subsubsection=\count83
\c@paragraph=\count84
\c@subparagraph=\count85
\c@figure=\count86
\c@table=\count87
\abovecaptionskip=\skip41
\belowcaptionskip=\skip42
\bibindent=\dimen102
) (/usr/share/texlive/texmf-dist/tex/latex/extsizes/extsizes.sty
Package: extsizes 1996/10/08 v1.0 Non Standard LaTeX Package


Package ExtSizes Warning: It is better to use one of the extsizes classes,
 if you can.

(/usr/share/texlive/texmf-dist/tex/latex/extsizes/size14.clo
File: size14.clo 1999/11/11 v1.4a NON-Standard LaTeX file (size option)
)) (/usr/share/texlive/texmf-dist/tex/latex/base/inputenc.sty
Package: inputenc 2018/08/11 v1.3c Input encoding file
\inpenc@prehook=\toks14
\inpenc@posthook=\toks15
) (/usr/share/texlive/texmf-dist/tex/generic/babel/babel.sty
Package: babel 2019/06/03 3.32 The Babel package
 (/usr/share/texlive/texmf-dist/tex/generic/babel/switch.def
File: switch.def 2019/06/03 3.32 Babel switching mechanism
) (/usr/share/texlive/texmf-dist/tex/generic/babel-russian/russianb.ldf
Language: russian 2017/08/12 1.3j Russian support for the Babel system
 (/usr/share/texlive/texmf-dist/tex/generic/babel/babel.def
File: babel.def 2019/06/03 3.32 Babel common definitions
\babel@savecnt=\count88
\U@D=\dimen103
 (/usr/share/texlive/texmf-dist/tex/generic/babel/txtbabel.def)
\bbl@dirlevel=\count89
)

Package babel Warning: No Cyrillic font encoding has been loaded so far.
(babel)                A font encoding should be declared before babel.
(babel)                Default `T2A' encoding will be loaded  on input line 74.

(/usr/share/texlive/texmf-dist/tex/latex/cyrillic/t2aenc.def
File: t2aenc.def 2005/09/27 v1.0i Cyrillic encoding definition file
Now handling font encoding T2A ...
... processing UTF-8 mapping file for font encoding T2A
 (/usr/share/texlive/texmf-dist/tex/latex/base/t2aenc.dfu
File: t2aenc.dfu 2018/10/05 v1.2f UTF-8 support for inputenc
   defining Unicode char U+00A4 (decimal 164)
   defining Unicode char U+00A7 (decimal 167)
   defining Unicode char U+00AB (decimal 171)
   defining Unicode char U+00BB (decimal 187)
   defining Unicode char U+0131 (decimal 305)
   defining Unicode char U+0237 (decimal 567)
   defining Unicode char U+0400 (decimal 1024)
   defining Unicode char U+0401 (decimal 1025)
   defining Unicode char U+0402 (decimal 1026)
   defining Unicode char U+0403 (decimal 1027)
   defining Unicode char U+0404 (decimal 1028)
   defining Unicode char U+0405 (decimal 1029)
   defining Unicode char U+0406 (decimal 1030)
   defining Unicode char U+0407 (decimal 1031)
   defining Unicode char U+0408 (decimal 1032)
   defining Unicode char U+0409 (decimal 1033)
   defining Unicode char U+040A (decimal 1034)
   defining Unicode char U+040B (decimal 1035)
   defining Unicode char U+040C (decimal 1036)
   defining Unicode char U+040D (decimal 1037)
   defining Unicode char U+040E (decimal 1038)
   defining Unicode char U+040F (decimal 1039)
   defining Unicode char U+0410 (decimal 1040)
   defining Unicode char U+0411 (decimal 1041)
   defining Unicode char U+0412 (decimal 1042)
   defining Unicode char U+0413 (decimal 1043)
   defining Unicode char U+0414 (decimal 1044)
   defining Unicode char U+0415 (decimal 1045)
   defining Unicode char U+0416 (decimal 1046)
   defining Unicode char U+0417 (decimal 1047)
   defining Unicode char U+0418 (decimal 1048)
   defining Unicode char U+0419 (decimal 1049)
   defining Unicode char U+041A (decimal 1050)
   defining Unicode char U+041B (decimal 1051)
   defining Unicode char U+041C (decimal 1052)
   defining Unicode char U+041D (decimal 1053)
   defining Unicode char U+041E (decimal 1054)
   defining Unicode char U+041F (decimal 1055)
   defining Unicode char U+0420 (decimal 1056)
   defining Unicode char U+0421 (decimal 1057)
   defining Unicode char U+0422 (decimal 1058)
   defining Unicode char U+0423 (decimal 1059)
   defining Unicode char U+0424 (decimal 1060)
   defining Unicode char U+0425 (decimal 1061)
   defining Unicode char U+0426 (decimal 1062)
   defining Unicode char U+0427 (decimal 1063)
   defining Unicode char U+0428 (decimal 1064)
   defining Unicode char U+0429 (decimal 1065)
   defining Unicode char U+042A (decimal 1066)
   defining Unicode char U+042B (decimal 1067)
   defining Unicode char U+042C (decimal 1068)
   defining Unicode char U+042D (decimal 1069)
   defining Unicode char U+042E (decimal 1070)
   defining Unicode char U+042F (decimal 1071)
   defining Unicode char U+0430 (decimal 1072)
   defining Unicode char U+0431 (decimal 1073)
   defining Unicode char U+0432 (decimal 1074)
   defining Unicode char U+0433 (decimal 1075)
   defining Unicode char U+0434 (decimal 1076)
   defining Unicode char U+0435 (decimal 1077)
   defining Unicode char U+0436 (decimal 1078)
   defining Unicode char U+0437 (decimal 1079)
   defining Unicode char U+0438 (decimal 1080)
   defining Unicode char U+0439 (decimal 1081)
   defining Unicode char U+043A (decimal 1082)
   defining Unicode char U+043B (decimal 1083)
   defining Unicode char U+043C (decimal 1084)
   defining Unicode char U+043D (decimal 1085)
   defining Unicode char U+043E (decimal 1086)
   defining Unicode char U+043F (decimal 1087)
   defining Unicode char U+0440 (decimal 1088)
   defining Unicode char U+0441 (decimal 1089)
   defining Unicode char U+0442 (decimal 1090)
   defining Unicode char U+0443 (decimal 1091)
   defining Unicode char U+0444 (decimal 1092)
   defining Unicode char U+0445 (decimal 1093)
   defining Unicode char U+0446 (decimal 1094)
   defining Unicode char U+0447 (decimal 1095)
   defining Unicode char U+0448 (decimal 1096)
   defining Unicode char U+0449 (decimal 1097)
   defining Unicode char U+044A (decimal 1098)
   defining Unicode char U+044B (decimal 1099)
   defining Unicode char U+044C (decimal 1100)
   defining Unicode char U+044D (decimal 1101)
   defining Unicode char U+044E (decimal 1102)
   defining Unicode char U+044F (decimal 1103)
   defining Unicode char U+0450 (decimal 1104)
   defining Unicode char U+0451 (decimal 1105)
   defining Unicode char U+0452 (decimal 1106)
   defining Unicode char U+0453 (decimal 1107)
   defining Unicode char U+0454 (decimal 1108)
   defining Unicode char U+0455 (decimal 1109)
   defining Unicode char U+0456 (decimal 1110)
   defining Unicode char U+0457 (decimal 1111)
   defining Unicode char U+0458 (decimal 1112)
   defining Unicode char U+0459 (decimal 1113)
   defining Unicode char U+045A (decimal 1114)
   defining Unicode char U+045B (decimal 1115)
   defining Unicode char U+045C (decimal 1116)
   defining Unicode char U+045D (decimal 1117)
   defining Unicode char U+045E (decimal 1118)
   defining Unicode char U+045F (decimal 1119)
   defining Unicode char U+0490 (decimal 1168)
   defining Unicode char U+0491 (decimal 1169)
   defining Unicode char U+0492 (decimal 1170)
   defining Unicode char U+0493 (decimal 1171)
   defining Unicode char U+0496 (decimal 1174)
   defining Unicode char U+0497 (decimal 1175)
   defining Unicode char U+0498 (decimal 1176)
   defining Unicode char U+0499 (decimal 1177)
   defining Unicode char U+049A (decimal 1178)
   defining Unicode char U+049B (decimal 1179)
   defining Unicode char U+049C (decimal 1180)
   defining Unicode char U+049D (decimal 1181)
   defining Unicode char U+04A0 (decimal 1184)
   defining Unicode char U+04A1 (decimal 1185)
   defining Unicode char U+04A2 (decimal 1186)
   defining Unicode char U+04A3 (decimal 1187)
   defining Unicode char U+04A4 (decimal 1188)
   defining Unicode char U+04A5 (decimal 1189)
   defining Unicode char U+04AA (decimal 1194)
   defining Unicode char U+04AB (decimal 1195)
   defining Unicode char U+04AE (decimal 1198)
   defining Unicode char U+04AF (decimal 1199)
   defining Unicode char U+04B0 (decimal 1200)
   defining Unicode char U+04B1 (decimal 1201)
   defining Unicode char U+04B2 (decimal 1202)
   defining Unicode char U+04B3 (decimal 1203)
   defining Unicode char U+04B6 (decimal 1206)
   defining Unicode char U+04B7 (decimal 1207)
   defining Unicode char U+04B8 (decimal 1208)
   defining Unicode char U+04B9 (decimal 1209)
   defining Unicode char U+04BA (decimal 1210)
   defining Unicode char U+04BB (decimal 1211)
   defining Unicode char U+04C0 (decimal 1216)
   defining Unicode char U+04C1 (decimal 1217)
   defining Unicode char U+04C2 (decimal 1218)
   defining Unicode char U+04D0 (decimal 1232)
   defining Unicode char U+04D1 (decimal 1233)
   defining Unicode char U+04D2 (decimal 1234)
   defining Unicode char U+04D3 (decimal 1235)
   defining Unicode char U+04D4 (decimal 1236)
   defining Unicode char U+04D5 (decimal 1237)
   defining Unicode char U+04D6 (decimal 1238)
   defining Unicode char U+04D7 (decimal 1239)
   defining Unicode char U+04D8 (decimal 1240)
   defining Unicode char U+04D9 (decimal 1241)
   defining Unicode char U+04DA (decimal 1242)
   defining Unicode char U+04DB (decimal 1243)
   defining Unicode char U+04DC (decimal 1244)
   defining Unicode char U+04DD (decimal 1245)
   defining Unicode char U+04DE (decimal 1246)
   defining Unicode char U+04DF (decimal 1247)
   defining Unicode char U+04E2 (decimal 1250)
   defining Unicode char U+04E3 (decimal 1251)
   defining Unicode char U+04E4 (decimal 1252)
   defining Unicode char U+04E5 (decimal 1253)
   defining Unicode char U+04E6 (decimal 1254)
   defining Unicode char U+04E7 (decimal 1255)
   defining Unicode char U+04E8 (decimal 1256)
   defining Unicode char U+04E9 (decimal 1257)
   defining Unicode char U+04EC (decimal 1260)
   defining Unicode char U+04ED (decimal 1261)
   defining Unicode char U+04EE (decimal 1262)
   defining Unicode char U+04EF (decimal 1263)
   defining Unicode char U+04F0 (decimal 1264)
   defining Unicode char U+04F1 (decimal 1265)
   defining Unicode char U+04F2 (decimal 1266)
   defining Unicode char U+04F3 (decimal 1267)
   defining Unicode char U+04F4 (decimal 1268)
   defining Unicode char U+04F5 (decimal 1269)
   defining Unicode char U+04F8 (decimal 1272)
   defining Unicode char U+04F9 (decimal 1273)
   defining Unicode char U+200C (decimal 8204)
   defining Unicode char U+2013 (decimal 8211)
   defining Unicode char U+2014 (decimal 8212)
   defining Unicode char U+2018 (decimal 8216)
   defining Unicode char U+2019 (decimal 8217)
   defining Unicode char U+201C (decimal 8220)
   defining Unicode char U+201D (decimal 8221)
   defining Unicode char U+201E (decimal 8222)
   defining Unicode char U+2030 (decimal 8240)
   defining Unicode char U+2031 (decimal 8241)
   defining Unicode char U+2116 (decimal 8470)
   defining Unicode char U+2329 (decimal 9001)
   defining Unicode char U+232A (decimal 9002)
   defining Unicode char U+2423 (decimal 9251)
))
Package babel Info: Making " an active character on input line 120.
Package babel Info: Default for \cyrdash is provided on input line 157.
)) (/usr/share/texlive/texmf-dist/tex/latex/setspace/setspace.sty
Package: setspace 2011/12/19 v6.7a set line spacing
) (/usr/share/texlive/texmf-dist/tex/latex/amsmath/amsmath.sty
Package: amsmath 2018/12/01 v2.17b AMS math features
\@mathmargin=\skip43

For additional information on amsmath, use the `?' option.
(/usr/share/texlive/texmf-dist/tex/latex/amsmath/amstext.sty
Package: amstext 2000/06/29 v2.01 AMS text
 (/usr/share/texlive/texmf-dist/tex/latex/amsmath/amsgen.sty
File: amsgen.sty 1999/11/30 v2.0 generic functions
\@emptytoks=\toks16
\ex@=\dimen104
)) (/usr/share/texlive/texmf-dist/tex/latex/amsmath/amsbsy.sty
Package: amsbsy 1999/11/29 v1.2d Bold Symbols
\pmbraise@=\dimen105
) (/usr/share/texlive/texmf-dist/tex/latex/amsmath/amsopn.sty
Package: amsopn 2016/03/08 v2.02 operator names
)
\inf@bad=\count90
LaTeX Info: Redefining \frac on input line 223.
\uproot@=\count91
\leftroot@=\count92
LaTeX Info: Redefining \overline on input line 385.
\classnum@=\count93
\DOTSCASE@=\count94
LaTeX Info: Redefining \ldots on input line 482.
LaTeX Info: Redefining \dots on input line 485.
LaTeX Info: Redefining \cdots on input line 606.
\Mathstrutbox@=\box27
\strutbox@=\box28
\big@size=\dimen106
LaTeX Font Info:    Redeclaring font encoding OML on input line 729.
LaTeX Font Info:    Redeclaring font encoding OMS on input line 730.
\macc@depth=\count95
\c@MaxMatrixCols=\count96
\dotsspace@=\muskip10
\c@parentequation=\count97
\dspbrk@lvl=\count98
\tag@help=\toks17
\row@=\count99
\column@=\count100
\maxfields@=\count101
\andhelp@=\toks18
\eqnshift@=\dimen107
\alignsep@=\dimen108
\tagshift@=\dimen109
\tagwidth@=\dimen110
\totwidth@=\dimen111
\lineht@=\dimen112
\@envbody=\toks19
\multlinegap=\skip44
\multlinetaggap=\skip45
\mathdisplay@stack=\toks20
LaTeX Info: Redefining \[ on input line 2844.
LaTeX Info: Redefining \] on input line 2845.
) (/usr/share/texlive/texmf-dist/tex/latex/geometry/geometry.sty
Package: geometry 2018/04/16 v5.8 Page Geometry
 (/usr/share/texlive/texmf-dist/tex/latex/graphics/keyval.sty
Package: keyval 2014/10/28 v1.15 key=value parser (DPC)
\KV@toks@=\toks21
) (/usr/share/texlive/texmf-dist/tex/generic/oberdiek/ifpdf.sty
Package: ifpdf 2018/09/07 v3.3 Provides the ifpdf switch
) (/usr/share/texlive/texmf-dist/tex/generic/oberdiek/ifvtex.sty
Package: ifvtex 2016/05/16 v1.6 Detect VTeX and its facilities (HO)
Package ifvtex Info: VTeX not detected.
) (/usr/share/texlive/texmf-dist/tex/generic/ifxetex/ifxetex.sty
Package: ifxetex 2010/09/12 v0.6 Provides ifxetex conditional
)
\Gm@cnth=\count102
\Gm@cntv=\count103
\c@Gm@tempcnt=\count104
\Gm@bindingoffset=\dimen113
\Gm@wd@mp=\dimen114
\Gm@odd@mp=\dimen115
\Gm@even@mp=\dimen116
\Gm@layoutwidth=\dimen117
\Gm@layoutheight=\dimen118
\Gm@layouthoffset=\dimen119
\Gm@layoutvoffset=\dimen120
\Gm@dimlist=\toks22
) (/usr/share/texlive/texmf-dist/tex/latex/graphics/graphicx.sty
Package: graphicx 2017/06/01 v1.1a Enhanced LaTeX Graphics (DPC,SPQR)
 (/usr/share/texlive/texmf-dist/tex/latex/graphics/graphics.sty
Package: graphics 2017/06/25 v1.2c Standard LaTeX Graphics (DPC,SPQR)
 (/usr/share/texlive/texmf-dist/tex/latex/graphics/trig.sty
Package: trig 2016/01/03 v1.10 sin cos tan (DPC)
) (/usr/share/texlive/texmf-dist/tex/latex/graphics-cfg/graphics.cfg
File: graphics.cfg 2016/06/04 v1.11 sample graphics configuration
)
Package graphics Info: Driver file: pdftex.def on input line 99.
 (/usr/share/texlive/texmf-dist/tex/latex/graphics-def/pdftex.def
File: pdftex.def 2018/01/08 v1.0l Graphics/color driver for pdftex
))
\Gin@req@height=\dimen121
\Gin@req@width=\dimen122
) (/usr/share/texlive/texmf-dist/tex/latex/wrapfig/wrapfig.sty
\wrapoverhang=\dimen123
\WF@size=\dimen124
\c@WF@wrappedlines=\count105
\WF@box=\box29
\WF@everypar=\toks23
Package: wrapfig 2003/01/31  v 3.6
) (/usr/share/texlive/texmf-dist/tex/latex/lipsum/lipsum.sty (/usr/share/texlive/texmf-dist/tex/latex/l3kernel/expl3.sty
Package: expl3 2019-07-01 L3 programming layer (loader) 
 (/usr/share/texlive/texmf-dist/tex/latex/l3kernel/expl3-code.tex
Package: expl3 2019-07-01 L3 programming layer (code)
\c_max_int=\count106
\l_tmpa_int=\count107
\l_tmpb_int=\count108
\g_tmpa_int=\count109
\g_tmpb_int=\count110
\g__kernel_prg_map_int=\count111
\c__ior_term_ior=\count112
\c_log_iow=\count113
\l_iow_line_count_int=\count114
\l__iow_line_target_int=\count115
\l__iow_one_indent_int=\count116
\l__iow_indent_int=\count117
\c_zero_dim=\dimen125
\c_max_dim=\dimen126
\l_tmpa_dim=\dimen127
\l_tmpb_dim=\dimen128
\g_tmpa_dim=\dimen129
\g_tmpb_dim=\dimen130
\c_zero_skip=\skip46
\c_max_skip=\skip47
\l_tmpa_skip=\skip48
\l_tmpb_skip=\skip49
\g_tmpa_skip=\skip50
\g_tmpb_skip=\skip51
\c_zero_muskip=\muskip11
\c_max_muskip=\muskip12
\l_tmpa_muskip=\muskip13
\l_tmpb_muskip=\muskip14
\g_tmpa_muskip=\muskip15
\g_tmpb_muskip=\muskip16
\l_keys_choice_int=\count118
\l__intarray_loop_int=\count119
\c__intarray_sp_dim=\dimen131
\g__intarray_font_int=\count120
\c__fp_leading_shift_int=\count121
\c__fp_middle_shift_int=\count122
\c__fp_trailing_shift_int=\count123
\c__fp_big_leading_shift_int=\count124
\c__fp_big_middle_shift_int=\count125
\c__fp_big_trailing_shift_int=\count126
\c__fp_Bigg_leading_shift_int=\count127
\c__fp_Bigg_middle_shift_int=\count128
\c__fp_Bigg_trailing_shift_int=\count129
\c__kernel_randint_max_int=\count130
\g__fp_array_int=\count131
\l__fp_array_loop_int=\count132
\l__sort_length_int=\count133
\l__sort_min_int=\count134
\l__sort_top_int=\count135
\l__sort_max_int=\count136
\l__sort_true_max_int=\count137
\l__sort_block_int=\count138
\l__sort_begin_int=\count139
\l__sort_end_int=\count140
\l__sort_A_int=\count141
\l__sort_B_int=\count142
\l__sort_C_int=\count143
\l__str_internal_int=\count144
\c__str_replacement_char_int=\count145
\l__tl_analysis_normal_int=\count146
\l__tl_analysis_index_int=\count147
\l__tl_analysis_nesting_int=\count148
\l__tl_analysis_type_int=\count149
\l__regex_internal_a_int=\count150
\l__regex_internal_b_int=\count151
\l__regex_internal_c_int=\count152
\l__regex_balance_int=\count153
\l__regex_group_level_int=\count154
\l__regex_mode_int=\count155
\c__regex_cs_in_class_mode_int=\count156
\c__regex_cs_mode_int=\count157
\l__regex_catcodes_int=\count158
\l__regex_default_catcodes_int=\count159
\c__regex_catcode_D_int=\count160
\c__regex_catcode_S_int=\count161
\c__regex_catcode_L_int=\count162
\c__regex_catcode_O_int=\count163
\c__regex_catcode_A_int=\count164
\c__regex_all_catcodes_int=\count165
\l__regex_show_lines_int=\count166
\l__regex_min_state_int=\count167
\l__regex_max_state_int=\count168
\l__regex_left_state_int=\count169
\l__regex_right_state_int=\count170
\l__regex_capturing_group_int=\count171
\l__regex_min_pos_int=\count172
\l__regex_max_pos_int=\count173
\l__regex_curr_pos_int=\count174
\l__regex_start_pos_int=\count175
\l__regex_success_pos_int=\count176
\l__regex_curr_char_int=\count177
\l__regex_curr_catcode_int=\count178
\l__regex_last_char_int=\count179
\l__regex_case_changed_char_int=\count180
\l__regex_curr_state_int=\count181
\l__regex_step_int=\count182
\l__regex_min_active_int=\count183
\l__regex_max_active_int=\count184
\l__regex_replacement_csnames_int=\count185
\l__regex_match_count_int=\count186
\l__regex_min_submatch_int=\count187
\l__regex_submatch_int=\count188
\l__regex_zeroth_submatch_int=\count189
\g__regex_trace_regex_int=\count190
\c_empty_box=\box30
\l_tmpa_box=\box31
\l_tmpb_box=\box32
\g_tmpa_box=\box33
\g_tmpb_box=\box34
\l__box_top_dim=\dimen132
\l__box_bottom_dim=\dimen133
\l__box_left_dim=\dimen134
\l__box_right_dim=\dimen135
\l__box_top_new_dim=\dimen136
\l__box_bottom_new_dim=\dimen137
\l__box_left_new_dim=\dimen138
\l__box_right_new_dim=\dimen139
\l__box_internal_box=\box35
\l__coffin_internal_box=\box36
\l__coffin_internal_dim=\dimen140
\l__coffin_offset_x_dim=\dimen141
\l__coffin_offset_y_dim=\dimen142
\l__coffin_x_dim=\dimen143
\l__coffin_y_dim=\dimen144
\l__coffin_x_prime_dim=\dimen145
\l__coffin_y_prime_dim=\dimen146
\c_empty_coffin=\box37
\l__coffin_aligned_coffin=\box38
\l__coffin_aligned_internal_coffin=\box39
\l_tmpa_coffin=\box40
\l_tmpb_coffin=\box41
\g_tmpa_coffin=\box42
\g_tmpb_coffin=\box43
\l__coffin_bounding_shift_dim=\dimen147
\l__coffin_left_corner_dim=\dimen148
\l__coffin_right_corner_dim=\dimen149
\l__coffin_bottom_corner_dim=\dimen150
\l__coffin_top_corner_dim=\dimen151
\l__coffin_scaled_total_height_dim=\dimen152
\l__coffin_scaled_width_dim=\dimen153
\c__coffin_empty_coffin=\box44
\l__coffin_display_coffin=\box45
\l__coffin_display_coord_coffin=\box46
\l__coffin_display_pole_coffin=\box47
\l__coffin_display_offset_dim=\dimen154
\l__coffin_display_x_dim=\dimen155
\l__coffin_display_y_dim=\dimen156
\g__file_internal_ior=\read1
\l__seq_internal_a_int=\count191
\l__seq_internal_b_int=\count192
\c__deprecation_minus_one=\count193
) (/usr/share/texlive/texmf-dist/tex/latex/l3backend/l3backend-pdfmode.def
File: l3backend-pdfmode.def 2019-04-06 v L3 Experimental backend support: PDF mode
\l__kernel_color_stack_int=\count194
\l__pdf_internal_box=\box48
)) (/usr/share/texlive/texmf-dist/tex/latex/l3packages/xparse/xparse.sty
Package: xparse 2019-05-28 L3 Experimental document command parser
\l__xparse_current_arg_int=\count195
\g__xparse_grabber_int=\count196
\l__xparse_m_args_int=\count197
\l__xparse_v_nesting_int=\count198
)
Package: lipsum 2019/01/02 v2.2 150 paragraphs of Lorem Ipsum dummy text
 (/usr/share/texlive/texmf-dist/tex/latex/lipsum/lipsum.ltd.tex
File: lipsum.ltd.tex 2019/01/02 v2.2 The Lorem ipsum dummy text
)) (/usr/share/texlive/texmf-dist/tex/latex/tools/indentfirst.sty
Package: indentfirst 1995/11/23 v1.03 Indent first paragraph (DPC)
) (./main.aux (./src/title.aux)
LaTeX Font Info:    Try loading font information for T2A+cmr on input line 4.
 (/usr/share/texlive/texmf-dist/tex/latex/cyrillic/t2acmr.fd
File: t2acmr.fd 2001/08/11 v1.0a Computer Modern Cyrillic font definitions
) (./src/referat.aux) (./src/annotation.aux) (./src/intro.aux) (./src/kinematic.aux) (./src/modeling.aux) (./src/conclusion.aux) (./src/spisok.aux))
\openout1 = `main.aux'.

LaTeX Font Info:    Checking defaults for OML/cmm/m/it on input line 17.
LaTeX Font Info:    ... okay on input line 17.
LaTeX Font Info:    Checking defaults for T1/cmr/m/n on input line 17.
LaTeX Font Info:    ... okay on input line 17.
LaTeX Font Info:    Checking defaults for OT1/cmr/m/n on input line 17.
LaTeX Font Info:    ... okay on input line 17.
LaTeX Font Info:    Checking defaults for OMS/cmsy/m/n on input line 17.
LaTeX Font Info:    ... okay on input line 17.
LaTeX Font Info:    Checking defaults for OMX/cmex/m/n on input line 17.
LaTeX Font Info:    ... okay on input line 17.
LaTeX Font Info:    Checking defaults for U/cmr/m/n on input line 17.
LaTeX Font Info:    ... okay on input line 17.
LaTeX Font Info:    Checking defaults for T2A/cmr/m/n on input line 17.
LaTeX Font Info:    ... okay on input line 17.

*geometry* driver: auto-detecting
*geometry* detected driver: pdftex
*geometry* verbose mode - [ preamble ] result:
* driver: pdftex
* paper: a4paper
* layout: <same size as paper>
* layoutoffset:(h,v)=(0.0pt,0.0pt)
* modes: 
* h-part:(L,W,R)=(56.9055pt, 497.92325pt, 42.67912pt)
* v-part:(T,H,B)=(42.67912pt, 759.6886pt, 42.67912pt)
* \paperwidth=597.50787pt
* \paperheight=845.04684pt
* \textwidth=497.92325pt
* \textheight=759.6886pt
* \oddsidemargin=-15.36449pt
* \evensidemargin=-15.36449pt
* \topmargin=-29.59087pt
* \headheight=0.0pt
* \headsep=0.0pt
* \topskip=14.0pt
* \footskip=28.45274pt
* \marginparwidth=15.0pt
* \marginparsep=10.0pt
* \columnsep=10.0pt
* \skip\footins=12.0pt plus 4.0pt minus 2.0pt
* \hoffset=0.0pt
* \voffset=0.0pt
* \mag=1000
* \@twocolumnfalse
* \@twosidefalse
* \@mparswitchfalse
* \@reversemarginfalse
* (1in=72.27pt=25.4mm, 1cm=28.453pt)

(/usr/share/texlive/texmf-dist/tex/context/base/mkii/supp-pdf.mkii
[Loading MPS to PDF converter (version 2006.09.02).]
\scratchcounter=\count199
\scratchdimen=\dimen157
\scratchbox=\box49
\nofMPsegments=\count266
\nofMParguments=\count267
\everyMPshowfont=\toks24
\MPscratchCnt=\count268
\MPscratchDim=\dimen158
\MPnumerator=\count269
\makeMPintoPDFobject=\count270
\everyMPtoPDFconversion=\toks25
) (/usr/share/texlive/texmf-dist/tex/latex/oberdiek/epstopdf-base.sty
Package: epstopdf-base 2016/05/15 v2.6 Base part for package epstopdf
 (/usr/share/texlive/texmf-dist/tex/generic/oberdiek/infwarerr.sty
Package: infwarerr 2016/05/16 v1.4 Providing info/warning/error messages (HO)
) (/usr/share/texlive/texmf-dist/tex/latex/oberdiek/grfext.sty
Package: grfext 2016/05/16 v1.2 Manage graphics extensions (HO)
 (/usr/share/texlive/texmf-dist/tex/generic/oberdiek/kvdefinekeys.sty
Package: kvdefinekeys 2016/05/16 v1.4 Define keys (HO)
 (/usr/share/texlive/texmf-dist/tex/generic/oberdiek/ltxcmds.sty
Package: ltxcmds 2016/05/16 v1.23 LaTeX kernel commands for general use (HO)
))) (/usr/share/texlive/texmf-dist/tex/latex/oberdiek/kvoptions.sty
Package: kvoptions 2016/05/16 v3.12 Key value format for package options (HO)
 (/usr/share/texlive/texmf-dist/tex/generic/oberdiek/kvsetkeys.sty
Package: kvsetkeys 2016/05/16 v1.17 Key value parser (HO)
 (/usr/share/texlive/texmf-dist/tex/generic/oberdiek/etexcmds.sty
Package: etexcmds 2016/05/16 v1.6 Avoid name clashes with e-TeX commands (HO)
 (/usr/share/texlive/texmf-dist/tex/generic/oberdiek/ifluatex.sty
Package: ifluatex 2016/05/16 v1.4 Provides the ifluatex switch (HO)
Package ifluatex Info: LuaTeX not detected.
)))) (/usr/share/texlive/texmf-dist/tex/generic/oberdiek/pdftexcmds.sty
Package: pdftexcmds 2018/09/10 v0.29 Utility functions of pdfTeX for LuaTeX (HO)
Package pdftexcmds Info: LuaTeX not detected.
Package pdftexcmds Info: \pdf@primitive is available.
Package pdftexcmds Info: \pdf@ifprimitive is available.
Package pdftexcmds Info: \pdfdraftmode found.
)
Package epstopdf-base Info: Redefining graphics rule for `.eps' on input line 438.
Package grfext Info: Graphics extension search list:
(grfext)             [.pdf,.png,.jpg,.mps,.jpeg,.jbig2,.jb2,.PDF,.PNG,.JPG,.JPEG,.JBIG2,.JB2,.eps]
(grfext)             \AppendGraphicsExtensions on input line 456.
 (/usr/share/texlive/texmf-dist/tex/latex/latexconfig/epstopdf-sys.cfg
File: epstopdf-sys.cfg 2010/07/13 v1.3 Configuration of (r)epstopdf for TeX Live
))
\openout2 = `src/title.aux'.

 (./src/title.tex
Overfull \hbox (3.78505pt too wide) in paragraph at lines 10--19
 [] 
 []


./src/title.tex:22: LaTeX Error: There's no line here to end.

See the LaTeX manual or LaTeX Companion for explanation.
Type  H <return>  for immediate help.
 ...                                              
                                                  
l.22 \normalsize{}\\
                    
Your command was ignored.
Type  I <command> <return>  to replace it with another command,
or  <return>  to continue without it.

./src/title.tex:39: Illegal unit of measure (pt inserted).
<to be read again> 
                   \relax 
l.39 –°—Ç—É–¥–µ–Ω—Ç & &
                        \underline{\hspace{3cm}} & –û.–ï. –ú–µ–¥–æ–≤–∏–∫–æ–≤...
Dimensions can be in units of em, ex, in, pt, pc,
cm, mm, dd, cc, nd, nc, bp, or sp; but yours is a new one!
I'll assume that you meant to say pt, for printer's points.
To recover gracefully from this error, it's best to
delete the erroneous units; e.g., type `2' to delete
two letters. (See Chapter 27 of The TeXbook.)

./src/title.tex:40: Illegal unit of measure (pt inserted).
<to be read again> 
                   \relax 
l.40 –†—É–∫–æ–≤–æ–¥–∏—Ç–µ–ª—å & –∫
                                  . —Ç. –Ω. & \underline{\hspace{3cm}} &–°. ...
Dimensions can be in units of em, ex, in, pt, pc,
cm, mm, dd, cc, nd, nc, bp, or sp; but yours is a new one!
I'll assume that you meant to say pt, for printer's points.
To recover gracefully from this error, it's best to
delete the erroneous units; e.g., type `2' to delete
two letters. (See Chapter 27 of The TeXbook.)

[1


{/var/lib/texmf/fonts/map/pdftex/updmap/pdftex.map}]
Underfull \hbox (badness 10000) in paragraph at lines 67--78

 []


Underfull \hbox (badness 10000) in paragraph at lines 67--78

 []


Underfull \hbox (badness 10000) in paragraph at lines 67--78

 []


Underfull \hbox (badness 10000) in paragraph at lines 67--78

 []


Underfull \hbox (badness 10000) in paragraph at lines 67--78

 []

./src/title.tex:88: Illegal unit of measure (pt inserted).
<to be read again> 
                   \relax 
l.88 –°—Ç—É–¥–µ–Ω—Ç & &
                        \underline{\hspace{3cm}} & –û.–ï. –ú–µ–¥–æ–≤–∏–∫–æ–≤...
Dimensions can be in units of em, ex, in, pt, pc,
cm, mm, dd, cc, nd, nc, bp, or sp; but yours is a new one!
I'll assume that you meant to say pt, for printer's points.
To recover gracefully from this error, it's best to
delete the erroneous units; e.g., type `2' to delete
two letters. (See Chapter 27 of The TeXbook.)

./src/title.tex:89: Illegal unit of measure (pt inserted).
<to be read again> 
                   \relax 
l.89 –†—É–∫–æ–≤–æ–¥–∏—Ç–µ–ª—å & –∫
                                  . —Ç. –Ω. & \underline{\hspace{3cm}} &–°. ...
Dimensions can be in units of em, ex, in, pt, pc,
cm, mm, dd, cc, nd, nc, bp, or sp; but yours is a new one!
I'll assume that you meant to say pt, for printer's points.
To recover gracefully from this error, it's best to
delete the erroneous units; e.g., type `2' to delete
two letters. (See Chapter 27 of The TeXbook.)


Overfull \hbox (16.63069pt too wide) in paragraph at lines 79--92
[][]
 []


Underfull \hbox (badness 10000) in paragraph at lines 79--92

 []


Underfull \hbox (badness 10000) in paragraph at lines 79--92

 []


Underfull \hbox (badness 10000) in paragraph at lines 79--92

 []


Underfull \hbox (badness 10000) in paragraph at lines 79--92

 []

[2]
Underfull \hbox (badness 10000) in paragraph at lines 104--107

 []


Underfull \hbox (badness 10000) in paragraph at lines 111--111
[]\T2A/cmr/m/n/14.4 ù
 []


Overfull \hbox (2.08508pt too wide) in paragraph at lines 111--111
\T2A/cmr/m/n/14.4 Ô/Ô| 
 []

./src/title.tex:111: Illegal unit of measure (pt inserted).
<to be read again> 
                   \relax 
l.111 	‚Ññ –ø/–ø & –ù
                     –∞–∏–º–µ–Ω–æ–≤–∞–Ω–∏–µ —Ä–∞–±–æ—Ç & –°—Ä–æ–∫ –≤—ã–ø–æ–ª...
Dimensions can be in units of em, ex, in, pt, pc,
cm, mm, dd, cc, nd, nc, bp, or sp; but yours is a new one!
I'll assume that you meant to say pt, for printer's points.
To recover gracefully from this error, it's best to
delete the erroneous units; e.g., type `2' to delete
two letters. (See Chapter 27 of The TeXbook.)

./src/title.tex:112: Illegal unit of measure (pt inserted).
<to be read again> 
                   \relax 
l.112 	1 & –û
             –±–∑–æ—Ä –ª–∏—Ç–µ—Ä–∞—Ç—É—Ä—ã –ø–æ —Ç–µ–º–µ —Ä–∞–±–æ—Ç—ã & 10.1...
Dimensions can be in units of em, ex, in, pt, pc,
cm, mm, dd, cc, nd, nc, bp, or sp; but yours is a new one!
I'll assume that you meant to say pt, for printer's points.
To recover gracefully from this error, it's best to
delete the erroneous units; e.g., type `2' to delete
two letters. (See Chapter 27 of The TeXbook.)

./src/title.tex:113: Illegal unit of measure (pt inserted).
<to be read again> 
                   \relax 
l.113 	2 & &
            \\ \hline
Dimensions can be in units of em, ex, in, pt, pc,
cm, mm, dd, cc, nd, nc, bp, or sp; but yours is a new one!
I'll assume that you meant to say pt, for printer's points.
To recover gracefully from this error, it's best to
delete the erroneous units; e.g., type `2' to delete
two letters. (See Chapter 27 of The TeXbook.)

./src/title.tex:114: Illegal unit of measure (pt inserted).
<to be read again> 
                   \relax 
l.114 	3 & &
            \\ \hline
Dimensions can be in units of em, ex, in, pt, pc,
cm, mm, dd, cc, nd, nc, bp, or sp; but yours is a new one!
I'll assume that you meant to say pt, for printer's points.
To recover gracefully from this error, it's best to
delete the erroneous units; e.g., type `2' to delete
two letters. (See Chapter 27 of The TeXbook.)

./src/title.tex:115: Illegal unit of measure (pt inserted).
<to be read again> 
                   \relax 
l.115 	4 & &
            \\ \hline
Dimensions can be in units of em, ex, in, pt, pc,
cm, mm, dd, cc, nd, nc, bp, or sp; but yours is a new one!
I'll assume that you meant to say pt, for printer's points.
To recover gracefully from this error, it's best to
delete the erroneous units; e.g., type `2' to delete
two letters. (See Chapter 27 of The TeXbook.)

./src/title.tex:124: Illegal unit of measure (pt inserted).
<to be read again> 
                   \relax 
l.124 –°—Ç—É–¥–µ–Ω—Ç & &
                         \underline{\hspace{3cm}} & –û.–ï. –ú–µ–¥–æ–≤–∏–∫–æ–...
Dimensions can be in units of em, ex, in, pt, pc,
cm, mm, dd, cc, nd, nc, bp, or sp; but yours is a new one!
I'll assume that you meant to say pt, for printer's points.
To recover gracefully from this error, it's best to
delete the erroneous units; e.g., type `2' to delete
two letters. (See Chapter 27 of The TeXbook.)

./src/title.tex:125: Illegal unit of measure (pt inserted).
<to be read again> 
                   \relax 
l.125 –†—É–∫–æ–≤–æ–¥–∏—Ç–µ–ª—å & –∫
                                   . —Ç. –Ω. & \underline{\hspace{3cm}} &–°....
Dimensions can be in units of em, ex, in, pt, pc,
cm, mm, dd, cc, nd, nc, bp, or sp; but yours is a new one!
I'll assume that you meant to say pt, for printer's points.
To recover gracefully from this error, it's best to
delete the erroneous units; e.g., type `2' to delete
two letters. (See Chapter 27 of The TeXbook.)


Underfull \hbox (badness 10000) in paragraph at lines 108--128

 []


Underfull \hbox (badness 10000) in paragraph at lines 108--128

 []


Underfull \hbox (badness 10000) in paragraph at lines 108--128

 []


Underfull \hbox (badness 10000) in paragraph at lines 108--128

 []


Underfull \hbox (badness 10000) in paragraph at lines 108--128

 []

) [3]
\openout2 = `src/referat.aux'.

 (./src/referat.tex) [4


]
\openout2 = `src/annotation.aux'.

 (./src/annotation.tex) [5


] (./main.toc)
\tf@toc=\write3
\openout3 = `main.toc'.

 [6

]
\openout2 = `src/intro.aux'.

 (./src/intro.tex) [7

]
\openout2 = `src/kinematic.aux'.

 (./src/kinematic.tex
<image/deltabot.png, id=32, 143.3355pt x 112.7412pt>
File: image/deltabot.png Graphic file (type png)
<use image/deltabot.png>
Package pdftex.def Info: image/deltabot.png  used on input line 15.
(pdftex.def)             Requested size: 398.3401pt x 313.36452pt.


LaTeX Warning: `!h' float specifier changed to `!ht'.

) [8


] [9 <./image/deltabot.png>]
\openout2 = `src/modeling.aux'.

 (./src/modeling.tex) [10


]
\openout2 = `src/conclusion.aux'.

 (./src/conclusion.tex) [11


]
\openout2 = `src/spisok.aux'.

 (./src/spisok.tex) [12


] (./main.aux (./src/title.aux) (./src/referat.aux) (./src/annotation.aux) (./src/intro.aux) (./src/kinematic.aux) (./src/modeling.aux) (./src/conclusion.aux) (./src/spisok.aux)) ) 
Here is how much of TeX's memory you used:
 14130 strings out of 492609
 257603 string characters out of 6131462
 464389 words of memory out of 5000000
 17888 multiletter control sequences out of 15000+600000
 544749 words of font info for 53 fonts, out of 8000000 for 9000
 1141 hyphenation exceptions out of 8191
 41i,11n,63p,1434b,317s stack positions out of 5000i,500n,10000p,200000b,80000s
{/usr/share/texmf/fonts/enc/dvips/cm-super/cm-super-t2a.enc}</usr/share/texlive/texmf-dist/fonts/type1/public/amsfonts/cm/cmmi10.pfb></usr/share/texlive/texmf-dist/fonts/type1/public/amsfonts/cm/cmmi12.pfb></usr/share/texlive/texmf-dist/fonts/type1/public/amsfonts/cm/cmr10.pfb></usr/share/texlive/texmf-dist/fonts/type1/public/amsfonts/cm/cmsy10.pfb></usr/share/texmf/fonts/type1/public/cm-super/sfbx1200.pfb></usr/share/texmf/fonts/type1/public/cm-super/sfbx1440.pfb></usr/share/texmf/fonts/type1/public/cm-super/sfbx1728.pfb></usr/share/texmf/fonts/type1/public/cm-super/sfbx2074.pfb></usr/share/texmf/fonts/type1/public/cm-super/sfrm1200.pfb></usr/share/texmf/fonts/type1/public/cm-super/sfrm1440.pfb></usr/share/texmf/fonts/type1/public/cm-super/sfrm1728.pfb>
Output written on main.pdf (12 pages, 191546 bytes).
PDF statistics:
 90 PDF objects out of 1000 (max. 8388607)
 62 compressed objects within 1 object stream
 0 named destinations out of 1000 (max. 500000)
 6 words of extra memory for PDF output out of 10000 (max. 10000000)

